<?xml version="1.0" encoding="UTF-8"?>
<testng-results skipped="0" failed="0" total="2" passed="2">
  <reporter-output>
  </reporter-output>
  <suite name="Default suite" duration-ms="9808" started-at="2017-12-20T18:09:25Z" finished-at="2017-12-20T18:09:34Z">
    <groups>
      <group name="smoke">
        <method signature="NavigationTest.loginModalOpenAndCloseTest()[pri:0, instance:io.flashboard.testsuites.NavigationTest@52a86356]" name="loginModalOpenAndCloseTest" class="io.flashboard.testsuites.NavigationTest"/>
        <method signature="NavigationTest.navbarTest()[pri:0, instance:io.flashboard.testsuites.NavigationTest@52a86356]" name="navbarTest" class="io.flashboard.testsuites.NavigationTest"/>
      </group> <!-- smoke -->
      <group name="login">
        <method signature="NavigationTest.loginModalOpenAndCloseTest()[pri:0, instance:io.flashboard.testsuites.NavigationTest@52a86356]" name="loginModalOpenAndCloseTest" class="io.flashboard.testsuites.NavigationTest"/>
      </group> <!-- login -->
    </groups>
    <test name="Default test" duration-ms="9808" started-at="2017-12-20T18:09:25Z" finished-at="2017-12-20T18:09:34Z">
      <class name="io.flashboard.testsuites.NavigationTest">
        <test-method status="PASS" signature="beforeSuite()[pri:0, instance:io.flashboard.testsuites.NavigationTest@52a86356]" name="beforeSuite" is-config="true" duration-ms="19" started-at="2017-12-20T13:09:25Z" finished-at="2017-12-20T13:09:25Z">
          <reporter-output>
          </reporter-output>
        </test-method> <!-- beforeSuite -->
        <test-method status="PASS" signature="beforeTest()[pri:0, instance:io.flashboard.testsuites.NavigationTest@52a86356]" name="beforeTest" is-config="true" duration-ms="6854" started-at="2017-12-20T13:09:25Z" finished-at="2017-12-20T13:09:32Z">
          <reporter-output>
          </reporter-output>
        </test-method> <!-- beforeTest -->
        <test-method status="PASS" signature="beforeClass()[pri:0, instance:io.flashboard.testsuites.NavigationTest@52a86356]" name="beforeClass" is-config="true" duration-ms="1" started-at="2017-12-20T13:09:32Z" finished-at="2017-12-20T13:09:32Z">
          <reporter-output>
          </reporter-output>
        </test-method> <!-- beforeClass -->
        <test-method status="PASS" signature="navbarTest()[pri:0, instance:io.flashboard.testsuites.NavigationTest@52a86356]" name="navbarTest" duration-ms="827" started-at="2017-12-20T13:09:32Z" finished-at="2017-12-20T13:09:32Z">
          <reporter-output>
          </reporter-output>
        </test-method> <!-- navbarTest -->
        <test-method status="PASS" signature="beforeMethod()[pri:0, instance:io.flashboard.testsuites.NavigationTest@52a86356]" name="beforeMethod" is-config="true" duration-ms="0" started-at="2017-12-20T13:09:32Z" finished-at="2017-12-20T13:09:32Z">
          <reporter-output>
          </reporter-output>
        </test-method> <!-- beforeMethod -->
        <test-method status="PASS" signature="afterMethod()[pri:0, instance:io.flashboard.testsuites.NavigationTest@52a86356]" name="afterMethod" is-config="true" duration-ms="0" started-at="2017-12-20T13:09:32Z" finished-at="2017-12-20T13:09:32Z">
          <reporter-output>
          </reporter-output>
        </test-method> <!-- afterMethod -->
        <test-method status="PASS" signature="beforeMethod()[pri:0, instance:io.flashboard.testsuites.NavigationTest@52a86356]" name="beforeMethod" is-config="true" duration-ms="0" started-at="2017-12-20T13:09:32Z" finished-at="2017-12-20T13:09:32Z">
          <reporter-output>
          </reporter-output>
        </test-method> <!-- beforeMethod -->
        <test-method status="PASS" signature="loginModalOpenAndCloseTest()[pri:0, instance:io.flashboard.testsuites.NavigationTest@52a86356]" name="loginModalOpenAndCloseTest" duration-ms="911" started-at="2017-12-20T13:09:32Z" finished-at="2017-12-20T13:09:33Z">
          <reporter-output>
          </reporter-output>
        </test-method> <!-- loginModalOpenAndCloseTest -->
        <test-method status="PASS" signature="afterClass()[pri:0, instance:io.flashboard.testsuites.NavigationTest@52a86356]" name="afterClass" is-config="true" duration-ms="1" started-at="2017-12-20T13:09:33Z" finished-at="2017-12-20T13:09:33Z">
          <reporter-output>
          </reporter-output>
        </test-method> <!-- afterClass -->
        <test-method status="PASS" signature="afterMethod()[pri:0, instance:io.flashboard.testsuites.NavigationTest@52a86356]" name="afterMethod" is-config="true" duration-ms="0" started-at="2017-12-20T13:09:33Z" finished-at="2017-12-20T13:09:33Z">
          <reporter-output>
          </reporter-output>
        </test-method> <!-- afterMethod -->
        <test-method status="PASS" signature="afterTest()[pri:0, instance:io.flashboard.testsuites.NavigationTest@52a86356]" name="afterTest" is-config="true" duration-ms="1187" started-at="2017-12-20T13:09:33Z" finished-at="2017-12-20T13:09:34Z">
          <reporter-output>
          </reporter-output>
        </test-method> <!-- afterTest -->
        <test-method status="PASS" signature="afterSuite()[pri:0, instance:io.flashboard.testsuites.NavigationTest@52a86356]" name="afterSuite" is-config="true" duration-ms="0" started-at="2017-12-20T13:09:35Z" finished-at="2017-12-20T13:09:35Z">
          <reporter-output>
          </reporter-output>
        </test-method> <!-- afterSuite -->
      </class> <!-- io.flashboard.testsuites.NavigationTest -->
    </test> <!-- Default test -->
  </suite> <!-- Default suite -->
</testng-results>
